12:40:02.142 INFO  - Processing command line option -hwspec \\my.files.iastate.edu\users\kfisch13\Desktop\cpre488AudioTracking\system\SDK\SDK_Export\hw\system.xml. 
12:46:59.605 INFO  - FPGA configured successfully with bitstream "U:/Desktop/cpre488AudioTracking/sw/system_hw_platform/system.bit" 
12:47:04.192 INFO  - Processor reset is completed for ps7_cortexa9_0 
12:47:04.292 INFO  - PS initialization will be done as it is not done before. 
12:47:04.292 INFO  - Running PS initialization.... 
12:47:04.752 INFO  - ps7_init is completed. 
12:47:04.852 INFO  - ps7_post_config is completed. 
12:47:04.962 INFO  - PS Initialization is complete. 
13:14:52.174 INFO  - Processor reset is completed for ps7_cortexa9_0 
13:28:44.538 INFO  - ps7_cortexa9_0 Processor is in use. Please stop existing Run or Debug sessions before launching. 
13:28:46.335 INFO  - Processor reset is completed for ps7_cortexa9_0 
13:35:25.933 INFO  - ps7_cortexa9_0 Processor is in use. Please stop existing Run or Debug sessions before launching. 
13:35:28.672 INFO  - Processor reset is completed for ps7_cortexa9_0 
13:41:42.966 INFO  - ps7_cortexa9_0 Processor is in use. Please stop existing Run or Debug sessions before launching. 
13:41:44.750 INFO  - Processor reset is completed for ps7_cortexa9_0 
13:43:25.970 INFO  - ps7_cortexa9_0 Processor is in use. Please stop existing Run or Debug sessions before launching. 
13:43:28.501 INFO  - Processor reset is completed for ps7_cortexa9_0 
13:44:04.018 INFO  - ps7_cortexa9_0 Processor is in use. Please stop existing Run or Debug sessions before launching. 
13:44:06.017 INFO  - Processor reset is completed for ps7_cortexa9_0 
13:44:44.754 INFO  - ps7_cortexa9_0 Processor is in use. Please stop existing Run or Debug sessions before launching. 
13:44:46.432 INFO  - Processor reset is completed for ps7_cortexa9_0 
13:45:57.338 INFO  - ps7_cortexa9_0 Processor is in use. Please stop existing Run or Debug sessions before launching. 
13:45:58.699 INFO  - Processor reset is completed for ps7_cortexa9_0 
13:47:20.008 INFO  - ps7_cortexa9_0 Processor is in use. Please stop existing Run or Debug sessions before launching. 
13:47:21.659 INFO  - Processor reset is completed for ps7_cortexa9_0 
13:47:50.953 INFO  - ps7_cortexa9_0 Processor is in use. Please stop existing Run or Debug sessions before launching. 
13:47:52.639 INFO  - Processor reset is completed for ps7_cortexa9_0 
13:49:47.122 INFO  - ps7_cortexa9_0 Processor is in use. Please stop existing Run or Debug sessions before launching. 
13:49:48.882 INFO  - Processor reset is completed for ps7_cortexa9_0 
13:57:21.608 ERROR - Unable to disconnect from existing targets java.lang.NullPointerException
	at com.xilinx.sdk.targetmanager.internal.json.XMDJSONProcess.issueCommand(Unknown Source)
	at com.xilinx.sdk.targetmanager.internal.TM.disconnectTarget(Unknown Source)

13:57:21.617 ERROR - Unexpected error while parsing XMD response ?: com.google.gson.JsonSyntaxException: com.google.gson.stream.MalformedJsonException: invalid number or unquoted string near  
11:03:45.098 INFO  - FPGA configured successfully with bitstream "U:/Desktop/cpre488AudioTracking/sw/system_hw_platform/system.bit" 
11:04:17.523 INFO  - Processor reset is completed for ps7_cortexa9_0 
11:04:17.633 INFO  - PS initialization will be done as it is not done before. 
11:04:17.633 INFO  - Running PS initialization.... 
11:04:18.053 INFO  - ps7_init is completed. 
11:04:18.153 INFO  - ps7_post_config is completed. 
11:04:18.263 INFO  - PS Initialization is complete. 
11:22:49.158 INFO  - FPGA configured successfully with bitstream "U:/Desktop/cpre488AudioTracking/sw/system_hw_platform/system.bit" 
11:24:49.144 INFO  - ps7_cortexa9_0 Processor is in use. Please stop existing Run or Debug sessions before launching. 
11:24:51.134 ERROR - Unexpected error while launching program. java.lang.RuntimeException: No Active System

	at com.xilinx.sdk.targetmanager.internal.TM.stop(Unknown Source)
	at com.xilinx.sdk.targetmanager.internal.CPURunSession.terminate(Unknown Source)

11:25:08.126 ERROR - Unexpected error while parsing XMD response ?: com.google.gson.JsonSyntaxException: com.google.gson.stream.MalformedJsonException: invalid number or unquoted string near  
11:25:40.948 INFO  - FPGA configured successfully with bitstream "U:/Desktop/cpre488AudioTracking/sw/system_hw_platform/system.bit" 
11:25:46.959 INFO  - Processor reset is completed for ps7_cortexa9_0 
11:25:47.069 INFO  - PS initialization will be done as it is not done before. 
11:25:47.069 INFO  - Running PS initialization.... 
11:25:47.509 INFO  - ps7_init is completed. 
11:25:47.609 INFO  - ps7_post_config is completed. 
11:25:47.719 INFO  - PS Initialization is complete. 
12:29:23.598 ERROR - Unable to disconnect from existing targets java.lang.NullPointerException
	at com.xilinx.sdk.targetmanager.internal.json.XMDJSONProcess.issueCommand(Unknown Source)
	at com.xilinx.sdk.targetmanager.internal.TM.disconnectTarget(Unknown Source)

12:29:23.612 ERROR - Unexpected error while parsing XMD response ?: com.google.gson.JsonSyntaxException: com.google.gson.stream.MalformedJsonException: invalid number or unquoted string near  
12:29:29.433 INFO  - Processing command line option -hwspec \\my.files.iastate.edu\users\kfisch13\Desktop\cpre488AudioTracking\system\SDK\SDK_Export\hw\system.xml. 
12:31:38.889 INFO  - Processing command line option -hwspec \\my.files.iastate.edu\users\kfisch13\Desktop\cpre488AudioTracking\system\SDK\SDK_Export\hw\system.xml. 
12:32:31.077 INFO  - Processing command line option -hwspec \\my.files.iastate.edu\users\kfisch13\Desktop\cpre488AudioTracking\system\SDK\SDK_Export\hw\system.xml. 
12:43:28.328 INFO  - Processing command line option -hwspec \\my.files.iastate.edu\users\kfisch13\Desktop\cpre488AudioTracking\system\SDK\SDK_Export\hw\system.xml. 
12:46:26.940 INFO  - Processing command line option -hwspec \\my.files.iastate.edu\users\kfisch13\Desktop\cpre488AudioTracking\system\SDK\SDK_Export\hw\system.xml. 
12:46:53.842 INFO  - FPGA configured successfully with bitstream "U:/Desktop/cpre488AudioTracking/sw/system_hw_platform/system.bit" 
12:47:12.640 INFO  - Processor reset is completed for ps7_cortexa9_0 
12:47:12.740 INFO  - PS initialization will be done as it is not done before. 
12:47:12.740 INFO  - Running PS initialization.... 
12:47:13.180 INFO  - ps7_init is completed. 
12:47:13.280 INFO  - ps7_post_config is completed. 
12:47:13.380 INFO  - PS Initialization is complete. 
12:59:41.515 INFO  - Processor reset is completed for ps7_cortexa9_0 
13:07:09.898 INFO  - Processor reset is completed for ps7_cortexa9_0 
13:09:20.750 INFO  - Processor reset is completed for ps7_cortexa9_0 
13:14:21.260 INFO  - Processor reset is completed for ps7_cortexa9_0 
13:15:37.581 INFO  - ps7_cortexa9_0 Processor is in use. Please stop existing Run or Debug sessions before launching. 
13:15:41.935 INFO  - Processor reset is completed for ps7_cortexa9_0 
13:16:37.654 INFO  - Processor reset is completed for ps7_cortexa9_0 
13:18:08.579 INFO  - Processor reset is completed for ps7_cortexa9_0 
13:19:00.118 INFO  - Processor reset is completed for ps7_cortexa9_0 
13:26:16.820 INFO  - Processor reset is completed for ps7_cortexa9_0 
13:26:23.943 ERROR - Unexpected error while launching program. java.lang.RuntimeException: Unable to determine ELF start address: UNABLE to Open File
    : U:/Desktop/cpre488AudioTracking/sw/audio_tracking/Debug/audio_tracking.elf

	at com.xilinx.sdk.targetmanager.internal.TM.getStartAddress(Unknown Source)
	at com.xilinx.sdk.debug.core.internal.AppRunner.run(Unknown Source)

13:26:40.379 ERROR - Port COM19 is already in use. 
13:26:40.789 INFO  - Processor reset is completed for ps7_cortexa9_0 
13:26:54.114 INFO  - Processor reset is completed for ps7_cortexa9_0 
13:29:40.789 INFO  - Processor reset is completed for ps7_cortexa9_0 
13:32:50.272 INFO  - Processor reset is completed for ps7_cortexa9_0 
13:33:35.208 INFO  - Processor reset is completed for ps7_cortexa9_0 
13:35:19.683 INFO  - ps7_cortexa9_0 Processor is in use. Please stop existing Run or Debug sessions before launching. 
13:35:22.467 INFO  - Processor reset is completed for ps7_cortexa9_0 
13:37:52.643 INFO  - Processor reset is completed for ps7_cortexa9_0 
13:53:55.528 ERROR - Unable to disconnect from existing targets java.lang.NullPointerException
	at com.xilinx.sdk.targetmanager.internal.json.XMDJSONProcess.issueCommand(Unknown Source)
	at com.xilinx.sdk.targetmanager.internal.TM.disconnectTarget(Unknown Source)

13:53:55.541 ERROR - Unexpected error while parsing XMD response ?: com.google.gson.JsonSyntaxException: com.google.gson.stream.MalformedJsonException: invalid number or unquoted string near  
13:00:14.238 INFO  - Processing command line option -hwspec \\my.files.iastate.edu\users\burneykb\Documents\cpre488AudioTracking\system\SDK\SDK_Export\hw\system.xml. 
13:00:16.624 INFO  - The hardware specification for project 'system_hw_platform' is different from \\my.files.iastate.edu\users\burneykb\Documents\cpre488AudioTracking\system\SDK\SDK_Export\hw\system.xml. 
13:00:17.464 INFO  - Copied contents of \\my.files.iastate.edu\users\burneykb\Documents\cpre488AudioTracking\system\SDK\SDK_Export\hw\system.xml into \system_hw_platform\system.xml. 
13:00:18.209 INFO  - Copied contents of \\my.files.iastate.edu\users\burneykb\Documents\cpre488AudioTracking\system\SDK\SDK_Export\hw\system.bit into \system_hw_platform\system.bit. 
13:00:21.200 INFO  - Copied contents of \\my.files.iastate.edu\users\burneykb\Documents\cpre488AudioTracking\system\SDK\SDK_Export\hw\ps7_init.c into \system_hw_platform\ps7_init.c. 
13:00:21.230 INFO  - Copied contents of \\my.files.iastate.edu\users\burneykb\Documents\cpre488AudioTracking\system\SDK\SDK_Export\hw\ps7_init.h into \system_hw_platform\ps7_init.h. 
13:00:21.660 INFO  - Copied contents of \\my.files.iastate.edu\users\burneykb\Documents\cpre488AudioTracking\system\SDK\SDK_Export\hw\ps7_init.html into \system_hw_platform\ps7_init.html. 
13:00:21.690 INFO  - Copied contents of \\my.files.iastate.edu\users\burneykb\Documents\cpre488AudioTracking\system\SDK\SDK_Export\hw\ps7_init.tcl into \system_hw_platform\ps7_init.tcl. 
13:00:21.890 INFO  - Synchronizing projects in the workspace with the hardware platform specification changes. 
13:00:24.647 INFO  - Updating hardware inferred compiler options for audio_tracking. 
13:00:24.667 INFO  - Clearing existing target manager status. 
13:02:28.074 INFO  - Project system_bsp was a BSP project. Please update references. 
13:02:28.074 ERROR - SDK has detected that project system_bsp has been deleted (or renamed).
If this project was a BSP referenced by other C/C++ applications, then those applications will fail to build now. Please right click on those applications and click 'Change Referenced BSP' to update those projects' BSP references. 
13:10:41.062 ERROR - SDK has detected that project system_hw_platform has been deleted (or renamed).
This project was referenced by a BSP project, which will now fail to compile properly.

We recommend that you create a new BSP project pointing to a valid hardware project. Alternatively, you can fix the project references in the BSP, and update the path to the hardware specification file in 'libgen.options', and in ELF check options in dependant applications. 
13:11:30.275 INFO  - Project system_bsp was a BSP project. Please update references. 
13:11:30.285 ERROR - SDK has detected that project system_bsp has been deleted (or renamed).
If this project was a BSP referenced by other C/C++ applications, then those applications will fail to build now. Please right click on those applications and click 'Change Referenced BSP' to update those projects' BSP references. 
13:12:23.216 ERROR - Unexpected error while parsing XMD response ?: com.google.gson.JsonSyntaxException: com.google.gson.stream.MalformedJsonException: invalid number or unquoted string near  
13:12:35.113 INFO  - Processing command line option -hwspec \\my.files.iastate.edu\users\burneykb\Documents\cpre488AudioTracking\system\SDK\SDK_Export\hw\system.xml. 
13:27:27.316 INFO  - FPGA configured successfully with bitstream "U:/Documents/cpre488AudioTracking/sw/system_hw_platform/system.bit" 
13:34:25.844 INFO  - Processor reset is completed for ps7_cortexa9_0 
13:34:25.944 INFO  - PS initialization will be done as it is not done before. 
13:34:25.944 INFO  - Running PS initialization.... 
13:34:26.404 INFO  - ps7_init is completed. 
13:34:26.504 INFO  - ps7_post_config is completed. 
13:34:26.604 INFO  - PS Initialization is complete. 
13:36:25.522 INFO  - Processor reset is completed for ps7_cortexa9_0 
13:39:43.732 ERROR - Unexpected error while parsing XMD response ?: com.google.gson.JsonSyntaxException: com.google.gson.stream.MalformedJsonException: invalid number or unquoted string near  
