Release 14.7 - ngc2edif P.20131013 (nt64)
Copyright (c) 1995-2013 Xilinx, Inc.  All rights reserved.
Reading design axi_pmic.ngc ...
WARNING:NetListWriters:298 - No output is written to axi_pmic.xncf, ignored.
Processing design ...
   Preping design's networks ...
   Preping design's macros ...
  finished :Prep
Writing EDIF netlist file axi_pmic.edif ...
ngc2edif: Total memory usage is 86208 kilobytes

Release 14.7 - ngc2edif P.20131013 (nt64)
Copyright (c) 1995-2013 Xilinx, Inc.  All rights reserved.
Reading design axi_pmic.ngc ...
WARNING:NetListWriters:298 - No output is written to axi_pmic.xncf, ignored.
Processing design ...
   Preping design's networks ...
   Preping design's macros ...
  finished :Prep
Writing EDIF netlist file axi_pmic.edif ...
ngc2edif: Total memory usage is 85852 kilobytes

