WARNING:EDK:878 - Could not find IP doc
   http://www.xilinx.com/cgi-bin/docs/ipdoc?c=axi_interconnect;v=v1_06_a;d=ds768
   _axi_interconnect.pdf
WARNING:EDK:878 - Could not find IP doc
   http://www.xilinx.com/cgi-bin/docs/ipdoc?c=axi_gpio;v=v1_01_b;d=ds744_axi_gpi
   o.pdf
WARNING:EDK:878 - Could not find IP doc
   http://www.xilinx.com/cgi-bin/docs/ipdoc?c=axi_gpio;v=v1_01_b;d=ds744_axi_gpi
   o.pdf
WARNING:EDK:878 - Could not find IP doc
   http://www.xilinx.com/cgi-bin/docs/ipdoc?c=axi_gpio;v=v1_01_b;d=ds744_axi_gpi
   o.pdf
WARNING:EDK:878 - Could not find IP doc
   http://www.xilinx.com/cgi-bin/docs/ipdoc?c=axi_spi;v=v1_02_a;d=axi_spi_ds742.
   pdf
WARNING:EDK:878 - Could not find IP doc
   http://www.xilinx.com/cgi-bin/docs/ipdoc?c=axi_intc;v=v1_04_a;d=ds747_axi_int
   c.pdf
Generated Block Diagram.
Rasterizing axi4lite_0.jpg.....
Rasterizing SWs_8Bits.jpg.....
Rasterizing LEDs_8Bits.jpg.....
Rasterizing BTNs_5Bits.jpg.....
Rasterizing processing_system7_0.jpg.....
Rasterizing axi_spi_0.jpg.....
Rasterizing axi_intc_0.jpg.....
Rasterizing system_blkd.jpg.....
Report generated.
Report generation completed.
