12:10:44 **** Incremental Build of configuration Debug for project AudioTracking ****
make all 
'Building target: AudioTracking.elf'
'Invoking: ARM gcc linker'
arm-xilinx-eabi-gcc -Wl,-T -Wl,../src/lscript.ld -L../../system_bsp/ps7_cortexa9_0/lib -o "AudioTracking.elf"  ./src/helloworld.o ./src/platform.o   -Wl,--start-group,-lxil,-lgcc,-lc,--end-group
./src/helloworld.o: In function `main':
U:\Desktop\cpre488AudioTracking\sw\AudioTracking\Debug/../src/helloworld.c:165: undefined reference to `asin'
collect2.exe: error: ld returned 1 exit status
make: *** [AudioTracking.elf] Error 1
12:13:55 **** Clean-only build of configuration Debug for project AudioTracking ****
make clean 
rm -rf  ./src/helloworld.o ./src/platform.o  ./src/helloworld.d ./src/platform.d  AudioTracking.elf.size  AudioTracking.elf
' '
12:13:56 **** Auto Build of configuration Debug for project AudioTracking ****
make all 
'Building file: ../src/helloworld.c'
'Invoking: ARM gcc compiler'
arm-xilinx-eabi-gcc -Wall -O0 -g3 -c -fmessage-length=0 -lmath -I../../system_bsp/ps7_cortexa9_0/include -MMD -MP -MF"src/helloworld.d" -MT"src/helloworld.d" -o "src/helloworld.o" "../src/helloworld.c"
../src/helloworld.c: In function 'main':
../src/helloworld.c:125:12: warning: variable 'angle' set but not used [-Wunused-but-set-variable]
../src/helloworld.c:124:12: warning: unused variable 'freq0' [-Wunused-variable]
../src/helloworld.c:122:23: warning: variable 'i' set but not used [-Wunused-but-set-variable]
'Finished building: ../src/helloworld.c'
' '
'Building file: ../src/platform.c'
'Invoking: ARM gcc compiler'
arm-xilinx-eabi-gcc -Wall -O0 -g3 -c -fmessage-length=0 -lmath -I../../system_bsp/ps7_cortexa9_0/include -MMD -MP -MF"src/platform.d" -MT"src/platform.d" -o "src/platform.o" "../src/platform.c"
'Finished building: ../src/platform.c'
' '
'Building target: AudioTracking.elf'
'Invoking: ARM gcc linker'
arm-xilinx-eabi-gcc -Wl,-T -Wl,../src/lscript.ld -L../../system_bsp/ps7_cortexa9_0/lib -o "AudioTracking.elf"  ./src/helloworld.o ./src/platform.o   -Wl,--start-group,-lxil,-lgcc,-lc,--end-group
./src/helloworld.o: In function `main':
U:\Desktop\cpre488AudioTracking\sw\AudioTracking\Debug/../src/helloworld.c:165: undefined reference to `asin'
collect2.exe: error: ld returned 1 exit status
make: *** [AudioTracking.elf] Error 1
12:15:05 **** Clean-only build of configuration Debug for project AudioTracking ****
make clean 
rm -rf  ./src/helloworld.o ./src/platform.o  ./src/helloworld.d ./src/platform.d  AudioTracking.elf.size  AudioTracking.elf
' '
12:15:05 **** Auto Build of configuration Debug for project AudioTracking ****
make all 
'Building file: ../src/helloworld.c'
'Invoking: ARM gcc compiler'
arm-xilinx-eabi-gcc -Wall -O0 -g3 -c -fmessage-length=0 -I../../system_bsp/ps7_cortexa9_0/include -MMD -MP -MF"src/helloworld.d" -MT"src/helloworld.d" -o "src/helloworld.o" "../src/helloworld.c"
../src/helloworld.c: In function 'main':
../src/helloworld.c:125:12: warning: variable 'angle' set but not used [-Wunused-but-set-variable]
../src/helloworld.c:124:12: warning: unused variable 'freq0' [-Wunused-variable]
../src/helloworld.c:122:23: warning: variable 'i' set but not used [-Wunused-but-set-variable]
'Finished building: ../src/helloworld.c'
' '
'Building file: ../src/platform.c'
'Invoking: ARM gcc compiler'
arm-xilinx-eabi-gcc -Wall -O0 -g3 -c -fmessage-length=0 -I../../system_bsp/ps7_cortexa9_0/include -MMD -MP -MF"src/platform.d" -MT"src/platform.d" -o "src/platform.o" "../src/platform.c"
'Finished building: ../src/platform.c'
' '
'Building target: AudioTracking.elf'
'Invoking: ARM gcc linker'
arm-xilinx-eabi-gcc -Wl,-T -Wl,../src/lscript.ld -L../../system_bsp/ps7_cortexa9_0/lib -o "AudioTracking.elf"  ./src/helloworld.o ./src/platform.o   -lmath -Wl,--start-group,-lxil,-lgcc,-lc,--end-group
c:/xilinx/14.7/ise_ds/edk/gnu/arm/nt/bin/../lib/gcc/arm-xilinx-eabi/4.7.3/../../../../arm-xilinx-eabi/bin/ld.exe: cannot find -lmath
collect2.exe: error: ld returned 1 exit status
make: *** [AudioTracking.elf] Error 1
12:17:05 **** Clean-only build of configuration Debug for project AudioTracking ****
make clean 
rm -rf  ./src/helloworld.o ./src/platform.o  ./src/helloworld.d ./src/platform.d  AudioTracking.elf.size  AudioTracking.elf
' '
12:17:06 **** Auto Build of configuration Debug for project AudioTracking ****
make all 
'Building file: ../src/helloworld.c'
'Invoking: ARM gcc compiler'
arm-xilinx-eabi-gcc -Wall -O0 -g3 -c -fmessage-length=0 -I../../system_bsp/ps7_cortexa9_0/include -MMD -MP -MF"src/helloworld.d" -MT"src/helloworld.d" -o "src/helloworld.o" "../src/helloworld.c"
../src/helloworld.c: In function 'main':
../src/helloworld.c:125:12: warning: variable 'angle' set but not used [-Wunused-but-set-variable]
../src/helloworld.c:124:12: warning: unused variable 'freq0' [-Wunused-variable]
../src/helloworld.c:122:23: warning: variable 'i' set but not used [-Wunused-but-set-variable]
'Finished building: ../src/helloworld.c'
' '
'Building file: ../src/platform.c'
'Invoking: ARM gcc compiler'
arm-xilinx-eabi-gcc -Wall -O0 -g3 -c -fmessage-length=0 -I../../system_bsp/ps7_cortexa9_0/include -MMD -MP -MF"src/platform.d" -MT"src/platform.d" -o "src/platform.o" "../src/platform.c"
'Finished building: ../src/platform.c'
' '
'Building target: AudioTracking.elf'
'Invoking: ARM gcc linker'
arm-xilinx-eabi-gcc -Wl,-T -Wl,../src/lscript.ld -L../../system_bsp/ps7_cortexa9_0/lib -o "AudioTracking.elf"  ./src/helloworld.o ./src/platform.o   -lm -Wl,--start-group,-lxil,-lgcc,-lc,--end-group
'Finished building target: AudioTracking.elf'
' '
'Invoking: ARM Print Size'
arm-xilinx-eabi-size AudioTracking.elf  |tee "AudioTracking.elf.size"
   text	   data	    bss	    dec	    hex	filename
  65880	   2272	  29852	  98004	  17ed4	AudioTracking.elf
'Finished building: AudioTracking.elf.size'
' '
12:17:18 **** Incremental Build of configuration Debug for project AudioTracking ****
make all 
make: Nothing to be done for `all'.
12:18:18 **** Auto Build of configuration Debug for project AudioTracking ****
make all 
'Building file: ../src/helloworld.c'
'Invoking: ARM gcc compiler'
arm-xilinx-eabi-gcc -Wall -O0 -g3 -c -fmessage-length=0 -I../../system_bsp/ps7_cortexa9_0/include -MMD -MP -MF"src/helloworld.d" -MT"src/helloworld.d" -o "src/helloworld.o" "../src/helloworld.c"
../src/helloworld.c: In function 'main':
../src/helloworld.c:168:6: warning: format '%lf' expects argument of type 'double', but argument 4 has type 'XTime' [-Wformat]
../src/helloworld.c:168:6: warning: format '%llu' expects a matching 'long long unsigned int' argument [-Wformat]
../src/helloworld.c:168:6: warning: format '%lf' expects argument of type 'double', but argument 4 has type 'XTime' [-Wformat]
../src/helloworld.c:168:6: warning: format '%llu' expects a matching 'long long unsigned int' argument [-Wformat]
../src/helloworld.c:125:12: warning: variable 'angle' set but not used [-Wunused-but-set-variable]
../src/helloworld.c:124:12: warning: unused variable 'freq0' [-Wunused-variable]
../src/helloworld.c:122:23: warning: variable 'i' set but not used [-Wunused-but-set-variable]
'Finished building: ../src/helloworld.c'
' '
'Building target: AudioTracking.elf'
'Invoking: ARM gcc linker'
arm-xilinx-eabi-gcc -Wl,-T -Wl,../src/lscript.ld -L../../system_bsp/ps7_cortexa9_0/lib -o "AudioTracking.elf"  ./src/helloworld.o ./src/platform.o   -lm -Wl,--start-group,-lxil,-lgcc,-lc,--end-group
'Finished building target: AudioTracking.elf'
' '
'Invoking: ARM Print Size'
arm-xilinx-eabi-size AudioTracking.elf  |tee "AudioTracking.elf.size"
   text	   data	    bss	    dec	    hex	filename
  65896	   2272	  29852	  98020	  17ee4	AudioTracking.elf
'Finished building: AudioTracking.elf.size'
' '
12:18:23 **** Auto Build of configuration Debug for project AudioTracking ****
make all 
'Building file: ../src/helloworld.c'
'Invoking: ARM gcc compiler'
arm-xilinx-eabi-gcc -Wall -O0 -g3 -c -fmessage-length=0 -I../../system_bsp/ps7_cortexa9_0/include -MMD -MP -MF"src/helloworld.d" -MT"src/helloworld.d" -o "src/helloworld.o" "../src/helloworld.c"
../src/helloworld.c: In function 'main':
../src/helloworld.c:124:12: warning: unused variable 'freq0' [-Wunused-variable]
../src/helloworld.c:122:23: warning: variable 'i' set but not used [-Wunused-but-set-variable]
'Finished building: ../src/helloworld.c'
' '
'Building target: AudioTracking.elf'
'Invoking: ARM gcc linker'
arm-xilinx-eabi-gcc -Wl,-T -Wl,../src/lscript.ld -L../../system_bsp/ps7_cortexa9_0/lib -o "AudioTracking.elf"  ./src/helloworld.o ./src/platform.o   -lm -Wl,--start-group,-lxil,-lgcc,-lc,--end-group
'Finished building target: AudioTracking.elf'
' '
'Invoking: ARM Print Size'
arm-xilinx-eabi-size AudioTracking.elf  |tee "AudioTracking.elf.size"
   text	   data	    bss	    dec	    hex	filename
  65904	   2272	  29852	  98028	  17eec	AudioTracking.elf
'Finished building: AudioTracking.elf.size'
' '
12:18:26 **** Incremental Build of configuration Debug for project AudioTracking ****
make all 
make: Nothing to be done for `all'.
12:18:53 **** Auto Build of configuration Debug for project AudioTracking ****
make all 
'Building file: ../src/helloworld.c'
'Invoking: ARM gcc compiler'
arm-xilinx-eabi-gcc -Wall -O0 -g3 -c -fmessage-length=0 -I../../system_bsp/ps7_cortexa9_0/include -MMD -MP -MF"src/helloworld.d" -MT"src/helloworld.d" -o "src/helloworld.o" "../src/helloworld.c"
../src/helloworld.c: In function 'main':
../src/helloworld.c:124:12: warning: unused variable 'freq0' [-Wunused-variable]
../src/helloworld.c:122:23: warning: variable 'i' set but not used [-Wunused-but-set-variable]
'Finished building: ../src/helloworld.c'
' '
'Building target: AudioTracking.elf'
'Invoking: ARM gcc linker'
arm-xilinx-eabi-gcc -Wl,-T -Wl,../src/lscript.ld -L../../system_bsp/ps7_cortexa9_0/lib -o "AudioTracking.elf"  ./src/helloworld.o ./src/platform.o   -lm -Wl,--start-group,-lxil,-lgcc,-lc,--end-group
'Finished building target: AudioTracking.elf'
' '
'Invoking: ARM Print Size'
arm-xilinx-eabi-size AudioTracking.elf  |tee "AudioTracking.elf.size"
   text	   data	    bss	    dec	    hex	filename
  65904	   2272	  29852	  98028	  17eec	AudioTracking.elf
'Finished building: AudioTracking.elf.size'
' '
12:18:58 **** Incremental Build of configuration Debug for project AudioTracking ****
make all 
make: Nothing to be done for `all'.
12:20:38 **** Auto Build of configuration Debug for project AudioTracking ****
make all 
'Building file: ../src/helloworld.c'
'Invoking: ARM gcc compiler'
arm-xilinx-eabi-gcc -Wall -O0 -g3 -c -fmessage-length=0 -I../../system_bsp/ps7_cortexa9_0/include -MMD -MP -MF"src/helloworld.d" -MT"src/helloworld.d" -o "src/helloworld.o" "../src/helloworld.c"
../src/helloworld.c: In function 'main':
../src/helloworld.c:124:12: warning: unused variable 'freq0' [-Wunused-variable]
../src/helloworld.c:122:23: warning: variable 'i' set but not used [-Wunused-but-set-variable]
'Finished building: ../src/helloworld.c'
' '
'Building target: AudioTracking.elf'
'Invoking: ARM gcc linker'
arm-xilinx-eabi-gcc -Wl,-T -Wl,../src/lscript.ld -L../../system_bsp/ps7_cortexa9_0/lib -o "AudioTracking.elf"  ./src/helloworld.o ./src/platform.o   -lm -Wl,--start-group,-lxil,-lgcc,-lc,--end-group
'Finished building target: AudioTracking.elf'
' '
'Invoking: ARM Print Size'
arm-xilinx-eabi-size AudioTracking.elf  |tee "AudioTracking.elf.size"
   text	   data	    bss	    dec	    hex	filename
  65904	   2272	  29852	  98028	  17eec	AudioTracking.elf
'Finished building: AudioTracking.elf.size'
' '
12:20:43 **** Incremental Build of configuration Debug for project AudioTracking ****
make all 
make: Nothing to be done for `all'.
12:22:53 **** Auto Build of configuration Debug for project AudioTracking ****
make all 
'Building file: ../src/helloworld.c'
'Invoking: ARM gcc compiler'
arm-xilinx-eabi-gcc -Wall -O0 -g3 -c -fmessage-length=0 -I../../system_bsp/ps7_cortexa9_0/include -MMD -MP -MF"src/helloworld.d" -MT"src/helloworld.d" -o "src/helloworld.o" "../src/helloworld.c"
../src/helloworld.c: In function 'main':
../src/helloworld.c:124:12: warning: unused variable 'freq0' [-Wunused-variable]
../src/helloworld.c:122:23: warning: variable 'i' set but not used [-Wunused-but-set-variable]
'Finished building: ../src/helloworld.c'
' '
'Building target: AudioTracking.elf'
'Invoking: ARM gcc linker'
arm-xilinx-eabi-gcc -Wl,-T -Wl,../src/lscript.ld -L../../system_bsp/ps7_cortexa9_0/lib -o "AudioTracking.elf"  ./src/helloworld.o ./src/platform.o   -lm -Wl,--start-group,-lxil,-lgcc,-lc,--end-group
'Finished building target: AudioTracking.elf'
' '
'Invoking: ARM Print Size'
arm-xilinx-eabi-size AudioTracking.elf  |tee "AudioTracking.elf.size"
   text	   data	    bss	    dec	    hex	filename
  65912	   2272	  29852	  98036	  17ef4	AudioTracking.elf
'Finished building: AudioTracking.elf.size'
' '
12:22:57 **** Incremental Build of configuration Debug for project AudioTracking ****
make all 
make: Nothing to be done for `all'.
12:23:35 **** Auto Build of configuration Debug for project AudioTracking ****
make all 
'Building file: ../src/helloworld.c'
'Invoking: ARM gcc compiler'
arm-xilinx-eabi-gcc -Wall -O0 -g3 -c -fmessage-length=0 -I../../system_bsp/ps7_cortexa9_0/include -MMD -MP -MF"src/helloworld.d" -MT"src/helloworld.d" -o "src/helloworld.o" "../src/helloworld.c"
../src/helloworld.c: In function 'main':
../src/helloworld.c:124:12: warning: unused variable 'freq0' [-Wunused-variable]
../src/helloworld.c:122:23: warning: variable 'i' set but not used [-Wunused-but-set-variable]
'Finished building: ../src/helloworld.c'
' '
'Building target: AudioTracking.elf'
'Invoking: ARM gcc linker'
arm-xilinx-eabi-gcc -Wl,-T -Wl,../src/lscript.ld -L../../system_bsp/ps7_cortexa9_0/lib -o "AudioTracking.elf"  ./src/helloworld.o ./src/platform.o   -lm -Wl,--start-group,-lxil,-lgcc,-lc,--end-group
'Finished building target: AudioTracking.elf'
' '
'Invoking: ARM Print Size'
arm-xilinx-eabi-size AudioTracking.elf  |tee "AudioTracking.elf.size"
   text	   data	    bss	    dec	    hex	filename
  65912	   2272	  29852	  98036	  17ef4	AudioTracking.elf
'Finished building: AudioTracking.elf.size'
' '
12:23:40 **** Incremental Build of configuration Debug for project AudioTracking ****
make all 
make: Nothing to be done for `all'.
12:29:49 **** Auto Build of configuration Debug for project AudioTracking ****
make all 
'Building file: ../src/helloworld.c'
'Invoking: ARM gcc compiler'
arm-xilinx-eabi-gcc -Wall -O0 -g3 -c -fmessage-length=0 -I../../system_bsp/ps7_cortexa9_0/include -MMD -MP -MF"src/helloworld.d" -MT"src/helloworld.d" -o "src/helloworld.o" "../src/helloworld.c"
../src/helloworld.c: In function 'main':
../src/helloworld.c:124:12: warning: unused variable 'freq0' [-Wunused-variable]
../src/helloworld.c:122:23: warning: variable 'i' set but not used [-Wunused-but-set-variable]
'Finished building: ../src/helloworld.c'
' '
'Building target: AudioTracking.elf'
'Invoking: ARM gcc linker'
arm-xilinx-eabi-gcc -Wl,-T -Wl,../src/lscript.ld -L../../system_bsp/ps7_cortexa9_0/lib -o "AudioTracking.elf"  ./src/helloworld.o ./src/platform.o   -lm -Wl,--start-group,-lxil,-lgcc,-lc,--end-group
'Finished building target: AudioTracking.elf'
' '
'Invoking: ARM Print Size'
arm-xilinx-eabi-size AudioTracking.elf  |tee "AudioTracking.elf.size"
   text	   data	    bss	    dec	    hex	filename
  65912	   2272	  29852	  98036	  17ef4	AudioTracking.elf
'Finished building: AudioTracking.elf.size'
' '
12:29:56 **** Incremental Build of configuration Debug for project AudioTracking ****
make all 
make: Nothing to be done for `all'.
12:34:16 **** Auto Build of configuration Debug for project AudioTracking ****
make all 
'Building file: ../src/helloworld.c'
'Invoking: ARM gcc compiler'
arm-xilinx-eabi-gcc -Wall -O0 -g3 -c -fmessage-length=0 -I../../system_bsp/ps7_cortexa9_0/include -MMD -MP -MF"src/helloworld.d" -MT"src/helloworld.d" -o "src/helloworld.o" "../src/helloworld.c"
../src/helloworld.c: In function 'main':
../src/helloworld.c:124:12: warning: unused variable 'freq0' [-Wunused-variable]
../src/helloworld.c:122:23: warning: variable 'i' set but not used [-Wunused-but-set-variable]
'Finished building: ../src/helloworld.c'
' '
'Building target: AudioTracking.elf'
'Invoking: ARM gcc linker'
arm-xilinx-eabi-gcc -Wl,-T -Wl,../src/lscript.ld -L../../system_bsp/ps7_cortexa9_0/lib -o "AudioTracking.elf"  ./src/helloworld.o ./src/platform.o   -lm -Wl,--start-group,-lxil,-lgcc,-lc,--end-group
'Finished building target: AudioTracking.elf'
' '
'Invoking: ARM Print Size'
arm-xilinx-eabi-size AudioTracking.elf  |tee "AudioTracking.elf.size"
   text	   data	    bss	    dec	    hex	filename
  65896	   2272	  29852	  98020	  17ee4	AudioTracking.elf
'Finished building: AudioTracking.elf.size'
' '
12:34:21 **** Incremental Build of configuration Debug for project AudioTracking ****
make all 
make: Nothing to be done for `all'.
12:35:07 **** Auto Build of configuration Debug for project AudioTracking ****
make all 
'Building file: ../src/helloworld.c'
'Invoking: ARM gcc compiler'
arm-xilinx-eabi-gcc -Wall -O0 -g3 -c -fmessage-length=0 -I../../system_bsp/ps7_cortexa9_0/include -MMD -MP -MF"src/helloworld.d" -MT"src/helloworld.d" -o "src/helloworld.o" "../src/helloworld.c"
../src/helloworld.c: In function 'main':
../src/helloworld.c:124:12: warning: unused variable 'freq0' [-Wunused-variable]
../src/helloworld.c:122:23: warning: variable 'i' set but not used [-Wunused-but-set-variable]
'Finished building: ../src/helloworld.c'
' '
'Building target: AudioTracking.elf'
'Invoking: ARM gcc linker'
arm-xilinx-eabi-gcc -Wl,-T -Wl,../src/lscript.ld -L../../system_bsp/ps7_cortexa9_0/lib -o "AudioTracking.elf"  ./src/helloworld.o ./src/platform.o   -lm -Wl,--start-group,-lxil,-lgcc,-lc,--end-group
'Finished building target: AudioTracking.elf'
' '
'Invoking: ARM Print Size'
arm-xilinx-eabi-size AudioTracking.elf  |tee "AudioTracking.elf.size"
   text	   data	    bss	    dec	    hex	filename
  65912	   2272	  29852	  98036	  17ef4	AudioTracking.elf
'Finished building: AudioTracking.elf.size'
' '
12:36:38 **** Auto Build of configuration Debug for project AudioTracking ****
make all 
'Building file: ../src/helloworld.c'
'Invoking: ARM gcc compiler'
arm-xilinx-eabi-gcc -Wall -O0 -g3 -c -fmessage-length=0 -I../../system_bsp/ps7_cortexa9_0/include -MMD -MP -MF"src/helloworld.d" -MT"src/helloworld.d" -o "src/helloworld.o" "../src/helloworld.c"
../src/helloworld.c: In function 'main':
../src/helloworld.c:124:12: warning: unused variable 'freq0' [-Wunused-variable]
../src/helloworld.c:122:23: warning: variable 'i' set but not used [-Wunused-but-set-variable]
'Finished building: ../src/helloworld.c'
' '
'Building target: AudioTracking.elf'
'Invoking: ARM gcc linker'
arm-xilinx-eabi-gcc -Wl,-T -Wl,../src/lscript.ld -L../../system_bsp/ps7_cortexa9_0/lib -o "AudioTracking.elf"  ./src/helloworld.o ./src/platform.o   -lm -Wl,--start-group,-lxil,-lgcc,-lc,--end-group
'Finished building target: AudioTracking.elf'
' '
'Invoking: ARM Print Size'
arm-xilinx-eabi-size AudioTracking.elf  |tee "AudioTracking.elf.size"
   text	   data	    bss	    dec	    hex	filename
  65936	   2272	  29852	  98060	  17f0c	AudioTracking.elf
'Finished building: AudioTracking.elf.size'
' '
12:36:54 **** Auto Build of configuration Debug for project AudioTracking ****
make all 
'Building file: ../src/helloworld.c'
'Invoking: ARM gcc compiler'
arm-xilinx-eabi-gcc -Wall -O0 -g3 -c -fmessage-length=0 -I../../system_bsp/ps7_cortexa9_0/include -MMD -MP -MF"src/helloworld.d" -MT"src/helloworld.d" -o "src/helloworld.o" "../src/helloworld.c"
../src/helloworld.c: In function 'main':
../src/helloworld.c:124:12: warning: unused variable 'freq0' [-Wunused-variable]
../src/helloworld.c:122:23: warning: variable 'i' set but not used [-Wunused-but-set-variable]
'Finished building: ../src/helloworld.c'
' '
'Building target: AudioTracking.elf'
'Invoking: ARM gcc linker'
arm-xilinx-eabi-gcc -Wl,-T -Wl,../src/lscript.ld -L../../system_bsp/ps7_cortexa9_0/lib -o "AudioTracking.elf"  ./src/helloworld.o ./src/platform.o   -lm -Wl,--start-group,-lxil,-lgcc,-lc,--end-group
'Finished building target: AudioTracking.elf'
' '
'Invoking: ARM Print Size'
arm-xilinx-eabi-size AudioTracking.elf  |tee "AudioTracking.elf.size"
   text	   data	    bss	    dec	    hex	filename
  65936	   2272	  29852	  98060	  17f0c	AudioTracking.elf
'Finished building: AudioTracking.elf.size'
' '
12:36:58 **** Incremental Build of configuration Debug for project AudioTracking ****
make all 
make: Nothing to be done for `all'.
12:37:33 **** Auto Build of configuration Debug for project AudioTracking ****
make all 
'Building file: ../src/helloworld.c'
'Invoking: ARM gcc compiler'
arm-xilinx-eabi-gcc -Wall -O0 -g3 -c -fmessage-length=0 -I../../system_bsp/ps7_cortexa9_0/include -MMD -MP -MF"src/helloworld.d" -MT"src/helloworld.d" -o "src/helloworld.o" "../src/helloworld.c"
../src/helloworld.c: In function 'main':
../src/helloworld.c:124:12: warning: unused variable 'freq0' [-Wunused-variable]
../src/helloworld.c:122:23: warning: variable 'i' set but not used [-Wunused-but-set-variable]
'Finished building: ../src/helloworld.c'
' '
'Building target: AudioTracking.elf'
'Invoking: ARM gcc linker'
arm-xilinx-eabi-gcc -Wl,-T -Wl,../src/lscript.ld -L../../system_bsp/ps7_cortexa9_0/lib -o "AudioTracking.elf"  ./src/helloworld.o ./src/platform.o   -lm -Wl,--start-group,-lxil,-lgcc,-lc,--end-group
'Finished building target: AudioTracking.elf'
' '
'Invoking: ARM Print Size'
arm-xilinx-eabi-size AudioTracking.elf  |tee "AudioTracking.elf.size"
   text	   data	    bss	    dec	    hex	filename
  65920	   2272	  29852	  98044	  17efc	AudioTracking.elf
'Finished building: AudioTracking.elf.size'
' '
12:37:45 **** Incremental Build of configuration Debug for project AudioTracking ****
make all 
make: Nothing to be done for `all'.
12:40:46 **** Auto Build of configuration Debug for project AudioTracking ****
make all 
'Building file: ../src/helloworld.c'
'Invoking: ARM gcc compiler'
arm-xilinx-eabi-gcc -Wall -O0 -g3 -c -fmessage-length=0 -I../../system_bsp/ps7_cortexa9_0/include -MMD -MP -MF"src/helloworld.d" -MT"src/helloworld.d" -o "src/helloworld.o" "../src/helloworld.c"
../src/helloworld.c: In function 'main':
../src/helloworld.c:124:12: warning: unused variable 'freq0' [-Wunused-variable]
../src/helloworld.c:122:23: warning: variable 'i' set but not used [-Wunused-but-set-variable]
'Finished building: ../src/helloworld.c'
' '
'Building target: AudioTracking.elf'
'Invoking: ARM gcc linker'
arm-xilinx-eabi-gcc -Wl,-T -Wl,../src/lscript.ld -L../../system_bsp/ps7_cortexa9_0/lib -o "AudioTracking.elf"  ./src/helloworld.o ./src/platform.o   -lm -Wl,--start-group,-lxil,-lgcc,-lc,--end-group
'Finished building target: AudioTracking.elf'
' '
'Invoking: ARM Print Size'
arm-xilinx-eabi-size AudioTracking.elf  |tee "AudioTracking.elf.size"
   text	   data	    bss	    dec	    hex	filename
  65936	   2272	  29852	  98060	  17f0c	AudioTracking.elf
'Finished building: AudioTracking.elf.size'
' '
12:40:53 **** Incremental Build of configuration Debug for project AudioTracking ****
make all 
make: Nothing to be done for `all'.
12:48:44 **** Auto Build of configuration Debug for project AudioTracking ****
make all 
'Building file: ../src/helloworld.c'
'Invoking: ARM gcc compiler'
arm-xilinx-eabi-gcc -Wall -O0 -g3 -c -fmessage-length=0 -I../../system_bsp/ps7_cortexa9_0/include -MMD -MP -MF"src/helloworld.d" -MT"src/helloworld.d" -o "src/helloworld.o" "../src/helloworld.c"
../src/helloworld.c: In function 'main':
../src/helloworld.c:124:12: warning: unused variable 'freq0' [-Wunused-variable]
../src/helloworld.c:122:23: warning: variable 'i' set but not used [-Wunused-but-set-variable]
'Finished building: ../src/helloworld.c'
' '
'Building target: AudioTracking.elf'
'Invoking: ARM gcc linker'
arm-xilinx-eabi-gcc -Wl,-T -Wl,../src/lscript.ld -L../../system_bsp/ps7_cortexa9_0/lib -o "AudioTracking.elf"  ./src/helloworld.o ./src/platform.o   -lm -Wl,--start-group,-lxil,-lgcc,-lc,--end-group
'Finished building target: AudioTracking.elf'
' '
'Invoking: ARM Print Size'
arm-xilinx-eabi-size AudioTracking.elf  |tee "AudioTracking.elf.size"
   text	   data	    bss	    dec	    hex	filename
  65952	   2272	  29852	  98076	  17f1c	AudioTracking.elf
'Finished building: AudioTracking.elf.size'
' '
12:48:48 **** Incremental Build of configuration Debug for project AudioTracking ****
make all 
make: Nothing to be done for `all'.
12:51:47 **** Incremental Build of configuration Debug for project AudioTracking ****
make all 
make: Nothing to be done for `all'.
12:53:22 **** Auto Build of configuration Debug for project AudioTracking ****
make all 
'Building file: ../src/helloworld.c'
'Invoking: ARM gcc compiler'
arm-xilinx-eabi-gcc -Wall -O0 -g3 -c -fmessage-length=0 -I../../system_bsp/ps7_cortexa9_0/include -MMD -MP -MF"src/helloworld.d" -MT"src/helloworld.d" -o "src/helloworld.o" "../src/helloworld.c"
../src/helloworld.c: In function 'main':
../src/helloworld.c:124:12: warning: unused variable 'freq0' [-Wunused-variable]
../src/helloworld.c:122:23: warning: variable 'i' set but not used [-Wunused-but-set-variable]
'Finished building: ../src/helloworld.c'
' '
'Building target: AudioTracking.elf'
'Invoking: ARM gcc linker'
arm-xilinx-eabi-gcc -Wl,-T -Wl,../src/lscript.ld -L../../system_bsp/ps7_cortexa9_0/lib -o "AudioTracking.elf"  ./src/helloworld.o ./src/platform.o   -lm -Wl,--start-group,-lxil,-lgcc,-lc,--end-group
'Finished building target: AudioTracking.elf'
' '
'Invoking: ARM Print Size'
arm-xilinx-eabi-size AudioTracking.elf  |tee "AudioTracking.elf.size"
   text	   data	    bss	    dec	    hex	filename
  65952	   2272	  29852	  98076	  17f1c	AudioTracking.elf
'Finished building: AudioTracking.elf.size'
' '
12:53:29 **** Incremental Build of configuration Debug for project AudioTracking ****
make all 
make: Nothing to be done for `all'.
12:53:57 **** Auto Build of configuration Debug for project AudioTracking ****
make all 
'Building file: ../src/helloworld.c'
'Invoking: ARM gcc compiler'
arm-xilinx-eabi-gcc -Wall -O0 -g3 -c -fmessage-length=0 -I../../system_bsp/ps7_cortexa9_0/include -MMD -MP -MF"src/helloworld.d" -MT"src/helloworld.d" -o "src/helloworld.o" "../src/helloworld.c"
../src/helloworld.c: In function 'main':
../src/helloworld.c:124:12: warning: unused variable 'freq0' [-Wunused-variable]
../src/helloworld.c:122:23: warning: variable 'i' set but not used [-Wunused-but-set-variable]
'Finished building: ../src/helloworld.c'
' '
'Building target: AudioTracking.elf'
'Invoking: ARM gcc linker'
arm-xilinx-eabi-gcc -Wl,-T -Wl,../src/lscript.ld -L../../system_bsp/ps7_cortexa9_0/lib -o "AudioTracking.elf"  ./src/helloworld.o ./src/platform.o   -lm -Wl,--start-group,-lxil,-lgcc,-lc,--end-group
'Finished building target: AudioTracking.elf'
' '
'Invoking: ARM Print Size'
arm-xilinx-eabi-size AudioTracking.elf  |tee "AudioTracking.elf.size"
   text	   data	    bss	    dec	    hex	filename
  65952	   2272	  29852	  98076	  17f1c	AudioTracking.elf
'Finished building: AudioTracking.elf.size'
' '
12:54:01 **** Incremental Build of configuration Debug for project AudioTracking ****
make all 
make: Nothing to be done for `all'.
12:54:09 **** Incremental Build of configuration Debug for project AudioTracking ****
make all 
make: Nothing to be done for `all'.
13:02:03 **** Auto Build of configuration Debug for project AudioTracking ****
make all 
'Building file: ../src/helloworld.c'
'Invoking: ARM gcc compiler'
arm-xilinx-eabi-gcc -Wall -O0 -g3 -c -fmessage-length=0 -I../../system_bsp/ps7_cortexa9_0/include -MMD -MP -MF"src/helloworld.d" -MT"src/helloworld.d" -o "src/helloworld.o" "../src/helloworld.c"
../src/helloworld.c: In function 'main':
../src/helloworld.c:124:12: warning: unused variable 'freq0' [-Wunused-variable]
../src/helloworld.c:122:23: warning: variable 'i' set but not used [-Wunused-but-set-variable]
'Finished building: ../src/helloworld.c'
' '
'Building target: AudioTracking.elf'
'Invoking: ARM gcc linker'
arm-xilinx-eabi-gcc -Wl,-T -Wl,../src/lscript.ld -L../../system_bsp/ps7_cortexa9_0/lib -o "AudioTracking.elf"  ./src/helloworld.o ./src/platform.o   -lm -Wl,--start-group,-lxil,-lgcc,-lc,--end-group
'Finished building target: AudioTracking.elf'
' '
'Invoking: ARM Print Size'
arm-xilinx-eabi-size AudioTracking.elf  |tee "AudioTracking.elf.size"
   text	   data	    bss	    dec	    hex	filename
  65964	   2272	  29852	  98088	  17f28	AudioTracking.elf
'Finished building: AudioTracking.elf.size'
' '
13:02:08 **** Incremental Build of configuration Debug for project AudioTracking ****
make all 
make: Nothing to be done for `all'.
13:06:04 **** Auto Build of configuration Debug for project AudioTracking ****
make all 
'Building file: ../src/helloworld.c'
'Invoking: ARM gcc compiler'
arm-xilinx-eabi-gcc -Wall -O0 -g3 -c -fmessage-length=0 -I../../system_bsp/ps7_cortexa9_0/include -MMD -MP -MF"src/helloworld.d" -MT"src/helloworld.d" -o "src/helloworld.o" "../src/helloworld.c"
../src/helloworld.c: In function 'main':
../src/helloworld.c:124:12: warning: unused variable 'freq0' [-Wunused-variable]
../src/helloworld.c:122:23: warning: variable 'i' set but not used [-Wunused-but-set-variable]
'Finished building: ../src/helloworld.c'
' '
'Building target: AudioTracking.elf'
'Invoking: ARM gcc linker'
arm-xilinx-eabi-gcc -Wl,-T -Wl,../src/lscript.ld -L../../system_bsp/ps7_cortexa9_0/lib -o "AudioTracking.elf"  ./src/helloworld.o ./src/platform.o   -lm -Wl,--start-group,-lxil,-lgcc,-lc,--end-group
'Finished building target: AudioTracking.elf'
' '
'Invoking: ARM Print Size'
arm-xilinx-eabi-size AudioTracking.elf  |tee "AudioTracking.elf.size"
   text	   data	    bss	    dec	    hex	filename
  65964	   2272	  29852	  98088	  17f28	AudioTracking.elf
'Finished building: AudioTracking.elf.size'
' '
13:06:09 **** Incremental Build of configuration Debug for project AudioTracking ****
make all 
make: Nothing to be done for `all'.
13:15:40 **** Incremental Build of configuration Debug for project AudioTracking ****
make all 
make: Nothing to be done for `all'.
13:19:13 **** Auto Build of configuration Debug for project AudioTracking ****
make all 
'Building file: ../src/helloworld.c'
'Invoking: ARM gcc compiler'
arm-xilinx-eabi-gcc -Wall -O0 -g3 -c -fmessage-length=0 -I../../system_bsp/ps7_cortexa9_0/include -MMD -MP -MF"src/helloworld.d" -MT"src/helloworld.d" -o "src/helloworld.o" "../src/helloworld.c"
../src/helloworld.c: In function 'main':
../src/helloworld.c:124:12: warning: unused variable 'freq0' [-Wunused-variable]
../src/helloworld.c:122:23: warning: variable 'i' set but not used [-Wunused-but-set-variable]
'Finished building: ../src/helloworld.c'
' '
'Building target: AudioTracking.elf'
'Invoking: ARM gcc linker'
arm-xilinx-eabi-gcc -Wl,-T -Wl,../src/lscript.ld -L../../system_bsp/ps7_cortexa9_0/lib -o "AudioTracking.elf"  ./src/helloworld.o ./src/platform.o   -lm -Wl,--start-group,-lxil,-lgcc,-lc,--end-group
'Finished building target: AudioTracking.elf'
' '
'Invoking: ARM Print Size'
arm-xilinx-eabi-size AudioTracking.elf  |tee "AudioTracking.elf.size"
   text	   data	    bss	    dec	    hex	filename
  65948	   2272	  29852	  98072	  17f18	AudioTracking.elf
'Finished building: AudioTracking.elf.size'
' '
13:19:16 **** Incremental Build of configuration Debug for project AudioTracking ****
make all 
make: Nothing to be done for `all'.
13:20:16 **** Auto Build of configuration Debug for project AudioTracking ****
make all 
'Building file: ../src/helloworld.c'
'Invoking: ARM gcc compiler'
arm-xilinx-eabi-gcc -Wall -O0 -g3 -c -fmessage-length=0 -I../../system_bsp/ps7_cortexa9_0/include -MMD -MP -MF"src/helloworld.d" -MT"src/helloworld.d" -o "src/helloworld.o" "../src/helloworld.c"
../src/helloworld.c: In function 'main':
../src/helloworld.c:126:12: warning: unused variable 'intermediate' [-Wunused-variable]
../src/helloworld.c:124:12: warning: unused variable 'freq0' [-Wunused-variable]
../src/helloworld.c:122:23: warning: variable 'i' set but not used [-Wunused-but-set-variable]
'Finished building: ../src/helloworld.c'
' '
'Building target: AudioTracking.elf'
'Invoking: ARM gcc linker'
arm-xilinx-eabi-gcc -Wl,-T -Wl,../src/lscript.ld -L../../system_bsp/ps7_cortexa9_0/lib -o "AudioTracking.elf"  ./src/helloworld.o ./src/platform.o   -lm -Wl,--start-group,-lxil,-lgcc,-lc,--end-group
'Finished building target: AudioTracking.elf'
' '
'Invoking: ARM Print Size'
arm-xilinx-eabi-size AudioTracking.elf  |tee "AudioTracking.elf.size"
   text	   data	    bss	    dec	    hex	filename
  65964	   2272	  29852	  98088	  17f28	AudioTracking.elf
'Finished building: AudioTracking.elf.size'
' '
13:20:47 **** Auto Build of configuration Debug for project AudioTracking ****
make all 
'Building file: ../src/helloworld.c'
'Invoking: ARM gcc compiler'
arm-xilinx-eabi-gcc -Wall -O0 -g3 -c -fmessage-length=0 -I../../system_bsp/ps7_cortexa9_0/include -MMD -MP -MF"src/helloworld.d" -MT"src/helloworld.d" -o "src/helloworld.o" "../src/helloworld.c"
../src/helloworld.c: In function 'main':
../src/helloworld.c:124:12: warning: unused variable 'freq0' [-Wunused-variable]
../src/helloworld.c:122:23: warning: variable 'i' set but not used [-Wunused-but-set-variable]
'Finished building: ../src/helloworld.c'
' '
'Building target: AudioTracking.elf'
'Invoking: ARM gcc linker'
arm-xilinx-eabi-gcc -Wl,-T -Wl,../src/lscript.ld -L../../system_bsp/ps7_cortexa9_0/lib -o "AudioTracking.elf"  ./src/helloworld.o ./src/platform.o   -lm -Wl,--start-group,-lxil,-lgcc,-lc,--end-group
'Finished building target: AudioTracking.elf'
' '
'Invoking: ARM Print Size'
arm-xilinx-eabi-size AudioTracking.elf  |tee "AudioTracking.elf.size"
   text	   data	    bss	    dec	    hex	filename
  65964	   2272	  29852	  98088	  17f28	AudioTracking.elf
'Finished building: AudioTracking.elf.size'
' '
13:21:35 **** Auto Build of configuration Debug for project AudioTracking ****
make all 
'Building file: ../src/helloworld.c'
'Invoking: ARM gcc compiler'
arm-xilinx-eabi-gcc -Wall -O0 -g3 -c -fmessage-length=0 -I../../system_bsp/ps7_cortexa9_0/include -MMD -MP -MF"src/helloworld.d" -MT"src/helloworld.d" -o "src/helloworld.o" "../src/helloworld.c"
../src/helloworld.c: In function 'main':
../src/helloworld.c:174:150: error: 'intermidiate' undeclared (first use in this function)
../src/helloworld.c:174:150: note: each undeclared identifier is reported only once for each function it appears in
../src/helloworld.c:124:12: warning: unused variable 'freq0' [-Wunused-variable]
../src/helloworld.c:122:23: warning: variable 'i' set but not used [-Wunused-but-set-variable]
make: *** [src/helloworld.o] Error 1
13:21:49 **** Auto Build of configuration Debug for project AudioTracking ****
make all 
'Building file: ../src/helloworld.c'
'Invoking: ARM gcc compiler'
arm-xilinx-eabi-gcc -Wall -O0 -g3 -c -fmessage-length=0 -I../../system_bsp/ps7_cortexa9_0/include -MMD -MP -MF"src/helloworld.d" -MT"src/helloworld.d" -o "src/helloworld.o" "../src/helloworld.c"
../src/helloworld.c: In function 'main':
../src/helloworld.c:124:12: warning: unused variable 'freq0' [-Wunused-variable]
../src/helloworld.c:122:23: warning: variable 'i' set but not used [-Wunused-but-set-variable]
'Finished building: ../src/helloworld.c'
' '
'Building target: AudioTracking.elf'
'Invoking: ARM gcc linker'
arm-xilinx-eabi-gcc -Wl,-T -Wl,../src/lscript.ld -L../../system_bsp/ps7_cortexa9_0/lib -o "AudioTracking.elf"  ./src/helloworld.o ./src/platform.o   -lm -Wl,--start-group,-lxil,-lgcc,-lc,--end-group
'Finished building target: AudioTracking.elf'
' '
'Invoking: ARM Print Size'
arm-xilinx-eabi-size AudioTracking.elf  |tee "AudioTracking.elf.size"
   text	   data	    bss	    dec	    hex	filename
  65996	   2272	  29852	  98120	  17f48	AudioTracking.elf
'Finished building: AudioTracking.elf.size'
' '
13:21:53 **** Incremental Build of configuration Debug for project AudioTracking ****
make all 
make: Nothing to be done for `all'.
13:23:53 **** Auto Build of configuration Debug for project AudioTracking ****
make all 
'Building file: ../src/helloworld.c'
'Invoking: ARM gcc compiler'
arm-xilinx-eabi-gcc -Wall -O0 -g3 -c -fmessage-length=0 -I../../system_bsp/ps7_cortexa9_0/include -MMD -MP -MF"src/helloworld.d" -MT"src/helloworld.d" -o "src/helloworld.o" "../src/helloworld.c"
../src/helloworld.c: In function 'main':
../src/helloworld.c:124:12: warning: unused variable 'freq0' [-Wunused-variable]
../src/helloworld.c:122:23: warning: variable 'i' set but not used [-Wunused-but-set-variable]
'Finished building: ../src/helloworld.c'
' '
'Building target: AudioTracking.elf'
'Invoking: ARM gcc linker'
arm-xilinx-eabi-gcc -Wl,-T -Wl,../src/lscript.ld -L../../system_bsp/ps7_cortexa9_0/lib -o "AudioTracking.elf"  ./src/helloworld.o ./src/platform.o   -lm -Wl,--start-group,-lxil,-lgcc,-lc,--end-group
'Finished building target: AudioTracking.elf'
' '
'Invoking: ARM Print Size'
arm-xilinx-eabi-size AudioTracking.elf  |tee "AudioTracking.elf.size"
   text	   data	    bss	    dec	    hex	filename
  65996	   2272	  29852	  98120	  17f48	AudioTracking.elf
'Finished building: AudioTracking.elf.size'
' '
13:23:58 **** Incremental Build of configuration Debug for project AudioTracking ****
make all 
make: Nothing to be done for `all'.
13:24:57 **** Auto Build of configuration Debug for project AudioTracking ****
make all 
'Building file: ../src/helloworld.c'
'Invoking: ARM gcc compiler'
arm-xilinx-eabi-gcc -Wall -O0 -g3 -c -fmessage-length=0 -I../../system_bsp/ps7_cortexa9_0/include -MMD -MP -MF"src/helloworld.d" -MT"src/helloworld.d" -o "src/helloworld.o" "../src/helloworld.c"
../src/helloworld.c: In function 'main':
../src/helloworld.c:124:12: warning: unused variable 'freq0' [-Wunused-variable]
../src/helloworld.c:122:23: warning: variable 'i' set but not used [-Wunused-but-set-variable]
'Finished building: ../src/helloworld.c'
' '
'Building target: AudioTracking.elf'
'Invoking: ARM gcc linker'
arm-xilinx-eabi-gcc -Wl,-T -Wl,../src/lscript.ld -L../../system_bsp/ps7_cortexa9_0/lib -o "AudioTracking.elf"  ./src/helloworld.o ./src/platform.o   -lm -Wl,--start-group,-lxil,-lgcc,-lc,--end-group
'Finished building target: AudioTracking.elf'
' '
'Invoking: ARM Print Size'
arm-xilinx-eabi-size AudioTracking.elf  |tee "AudioTracking.elf.size"
   text	   data	    bss	    dec	    hex	filename
  66012	   2272	  29852	  98136	  17f58	AudioTracking.elf
'Finished building: AudioTracking.elf.size'
' '
13:25:02 **** Incremental Build of configuration Debug for project AudioTracking ****
make all 
make: Nothing to be done for `all'.
13:26:13 **** Auto Build of configuration Debug for project AudioTracking ****
make all 
'Building file: ../src/helloworld.c'
'Invoking: ARM gcc compiler'
arm-xilinx-eabi-gcc -Wall -O0 -g3 -c -fmessage-length=0 -I../../system_bsp/ps7_cortexa9_0/include -MMD -MP -MF"src/helloworld.d" -MT"src/helloworld.d" -o "src/helloworld.o" "../src/helloworld.c"
../src/helloworld.c: In function 'main':
../src/helloworld.c:128:5: warning: passing argument 1 of 'XTime_GetTime' discards 'volatile' qualifier from pointer target type [enabled by default]
In file included from ../src/helloworld.c:39:0:
../../system_bsp/ps7_cortexa9_0/include/xtime_l.h:90:6: note: expected 'XTime *' but argument is of type 'volatile XTime *'
../src/helloworld.c:129:5: warning: passing argument 1 of 'XTime_GetTime' discards 'volatile' qualifier from pointer target type [enabled by default]
In file included from ../src/helloworld.c:39:0:
../../system_bsp/ps7_cortexa9_0/include/xtime_l.h:90:6: note: expected 'XTime *' but argument is of type 'volatile XTime *'
../src/helloworld.c:150:8: warning: passing argument 1 of 'XTime_GetTime' discards 'volatile' qualifier from pointer target type [enabled by default]
In file included from ../src/helloworld.c:39:0:
../../system_bsp/ps7_cortexa9_0/include/xtime_l.h:90:6: note: expected 'XTime *' but argument is of type 'volatile XTime *'
../src/helloworld.c:162:5: warning: passing argument 1 of 'XTime_GetTime' discards 'volatile' qualifier from pointer target type [enabled by default]
In file included from ../src/helloworld.c:39:0:
../../system_bsp/ps7_cortexa9_0/include/xtime_l.h:90:6: note: expected 'XTime *' but argument is of type 'volatile XTime *'
../src/helloworld.c:124:12: warning: unused variable 'freq0' [-Wunused-variable]
../src/helloworld.c:122:23: warning: variable 'i' set but not used [-Wunused-but-set-variable]
'Finished building: ../src/helloworld.c'
' '
'Building target: AudioTracking.elf'
'Invoking: ARM gcc linker'
arm-xilinx-eabi-gcc -Wl,-T -Wl,../src/lscript.ld -L../../system_bsp/ps7_cortexa9_0/lib -o "AudioTracking.elf"  ./src/helloworld.o ./src/platform.o   -lm -Wl,--start-group,-lxil,-lgcc,-lc,--end-group
'Finished building target: AudioTracking.elf'
' '
'Invoking: ARM Print Size'
arm-xilinx-eabi-size AudioTracking.elf  |tee "AudioTracking.elf.size"
   text	   data	    bss	    dec	    hex	filename
  66012	   2272	  29852	  98136	  17f58	AudioTracking.elf
'Finished building: AudioTracking.elf.size'
' '
13:26:17 **** Incremental Build of configuration Debug for project AudioTracking ****
make all 
make: Nothing to be done for `all'.
13:26:39 **** Incremental Build of configuration Debug for project AudioTracking ****
make all 
make: Nothing to be done for `all'.
13:30:54 **** Auto Build of configuration Debug for project AudioTracking ****
make all 
'Building file: ../src/helloworld.c'
'Invoking: ARM gcc compiler'
arm-xilinx-eabi-gcc -Wall -O0 -g3 -c -fmessage-length=0 -I../../system_bsp/ps7_cortexa9_0/include -MMD -MP -MF"src/helloworld.d" -MT"src/helloworld.d" -o "src/helloworld.o" "../src/helloworld.c"
../src/helloworld.c: In function 'main':
../src/helloworld.c:128:5: warning: passing argument 1 of 'XTime_GetTime' discards 'volatile' qualifier from pointer target type [enabled by default]
In file included from ../src/helloworld.c:39:0:
../../system_bsp/ps7_cortexa9_0/include/xtime_l.h:90:6: note: expected 'XTime *' but argument is of type 'volatile XTime *'
../src/helloworld.c:129:5: warning: passing argument 1 of 'XTime_GetTime' discards 'volatile' qualifier from pointer target type [enabled by default]
In file included from ../src/helloworld.c:39:0:
../../system_bsp/ps7_cortexa9_0/include/xtime_l.h:90:6: note: expected 'XTime *' but argument is of type 'volatile XTime *'
../src/helloworld.c:150:8: warning: passing argument 1 of 'XTime_GetTime' discards 'volatile' qualifier from pointer target type [enabled by default]
In file included from ../src/helloworld.c:39:0:
../../system_bsp/ps7_cortexa9_0/include/xtime_l.h:90:6: note: expected 'XTime *' but argument is of type 'volatile XTime *'
../src/helloworld.c:162:5: warning: passing argument 1 of 'XTime_GetTime' discards 'volatile' qualifier from pointer target type [enabled by default]
In file included from ../src/helloworld.c:39:0:
../../system_bsp/ps7_cortexa9_0/include/xtime_l.h:90:6: note: expected 'XTime *' but argument is of type 'volatile XTime *'
../src/helloworld.c:124:12: warning: unused variable 'freq0' [-Wunused-variable]
../src/helloworld.c:122:23: warning: variable 'i' set but not used [-Wunused-but-set-variable]
'Finished building: ../src/helloworld.c'
' '
'Building target: AudioTracking.elf'
'Invoking: ARM gcc linker'
arm-xilinx-eabi-gcc -Wl,-T -Wl,../src/lscript.ld -L../../system_bsp/ps7_cortexa9_0/lib -o "AudioTracking.elf"  ./src/helloworld.o ./src/platform.o   -lm -Wl,--start-group,-lxil,-lgcc,-lc,--end-group
'Finished building target: AudioTracking.elf'
' '
'Invoking: ARM Print Size'
arm-xilinx-eabi-size AudioTracking.elf  |tee "AudioTracking.elf.size"
   text	   data	    bss	    dec	    hex	filename
  65996	   2272	  29852	  98120	  17f48	AudioTracking.elf
'Finished building: AudioTracking.elf.size'
' '
13:30:58 **** Incremental Build of configuration Debug for project AudioTracking ****
make all 
make: Nothing to be done for `all'.
13:31:53 **** Auto Build of configuration Debug for project AudioTracking ****
make all 
'Building file: ../src/helloworld.c'
'Invoking: ARM gcc compiler'
arm-xilinx-eabi-gcc -Wall -O0 -g3 -c -fmessage-length=0 -I../../system_bsp/ps7_cortexa9_0/include -MMD -MP -MF"src/helloworld.d" -MT"src/helloworld.d" -o "src/helloworld.o" "../src/helloworld.c"
../src/helloworld.c: In function 'main':
../src/helloworld.c:128:5: warning: passing argument 1 of 'XTime_GetTime' discards 'volatile' qualifier from pointer target type [enabled by default]
In file included from ../src/helloworld.c:39:0:
../../system_bsp/ps7_cortexa9_0/include/xtime_l.h:90:6: note: expected 'XTime *' but argument is of type 'volatile XTime *'
../src/helloworld.c:129:5: warning: passing argument 1 of 'XTime_GetTime' discards 'volatile' qualifier from pointer target type [enabled by default]
In file included from ../src/helloworld.c:39:0:
../../system_bsp/ps7_cortexa9_0/include/xtime_l.h:90:6: note: expected 'XTime *' but argument is of type 'volatile XTime *'
../src/helloworld.c:150:8: warning: passing argument 1 of 'XTime_GetTime' discards 'volatile' qualifier from pointer target type [enabled by default]
In file included from ../src/helloworld.c:39:0:
../../system_bsp/ps7_cortexa9_0/include/xtime_l.h:90:6: note: expected 'XTime *' but argument is of type 'volatile XTime *'
../src/helloworld.c:162:5: warning: passing argument 1 of 'XTime_GetTime' discards 'volatile' qualifier from pointer target type [enabled by default]
In file included from ../src/helloworld.c:39:0:
../../system_bsp/ps7_cortexa9_0/include/xtime_l.h:90:6: note: expected 'XTime *' but argument is of type 'volatile XTime *'
../src/helloworld.c:124:12: warning: unused variable 'freq0' [-Wunused-variable]
../src/helloworld.c:122:23: warning: variable 'i' set but not used [-Wunused-but-set-variable]
'Finished building: ../src/helloworld.c'
' '
'Building target: AudioTracking.elf'
'Invoking: ARM gcc linker'
arm-xilinx-eabi-gcc -Wl,-T -Wl,../src/lscript.ld -L../../system_bsp/ps7_cortexa9_0/lib -o "AudioTracking.elf"  ./src/helloworld.o ./src/platform.o   -lm -Wl,--start-group,-lxil,-lgcc,-lc,--end-group
'Finished building target: AudioTracking.elf'
' '
'Invoking: ARM Print Size'
arm-xilinx-eabi-size AudioTracking.elf  |tee "AudioTracking.elf.size"
   text	   data	    bss	    dec	    hex	filename
  65996	   2272	  29852	  98120	  17f48	AudioTracking.elf
'Finished building: AudioTracking.elf.size'
' '
13:31:58 **** Incremental Build of configuration Debug for project AudioTracking ****
make all 
make: Nothing to be done for `all'.
13:32:42 **** Auto Build of configuration Debug for project AudioTracking ****
make all 
'Building file: ../src/helloworld.c'
'Invoking: ARM gcc compiler'
arm-xilinx-eabi-gcc -Wall -O0 -g3 -c -fmessage-length=0 -I../../system_bsp/ps7_cortexa9_0/include -MMD -MP -MF"src/helloworld.d" -MT"src/helloworld.d" -o "src/helloworld.o" "../src/helloworld.c"
../src/helloworld.c: In function 'main':
../src/helloworld.c:128:5: warning: passing argument 1 of 'XTime_GetTime' discards 'volatile' qualifier from pointer target type [enabled by default]
In file included from ../src/helloworld.c:39:0:
../../system_bsp/ps7_cortexa9_0/include/xtime_l.h:90:6: note: expected 'XTime *' but argument is of type 'volatile XTime *'
../src/helloworld.c:129:5: warning: passing argument 1 of 'XTime_GetTime' discards 'volatile' qualifier from pointer target type [enabled by default]
In file included from ../src/helloworld.c:39:0:
../../system_bsp/ps7_cortexa9_0/include/xtime_l.h:90:6: note: expected 'XTime *' but argument is of type 'volatile XTime *'
../src/helloworld.c:150:8: warning: passing argument 1 of 'XTime_GetTime' discards 'volatile' qualifier from pointer target type [enabled by default]
In file included from ../src/helloworld.c:39:0:
../../system_bsp/ps7_cortexa9_0/include/xtime_l.h:90:6: note: expected 'XTime *' but argument is of type 'volatile XTime *'
../src/helloworld.c:162:5: warning: passing argument 1 of 'XTime_GetTime' discards 'volatile' qualifier from pointer target type [enabled by default]
In file included from ../src/helloworld.c:39:0:
../../system_bsp/ps7_cortexa9_0/include/xtime_l.h:90:6: note: expected 'XTime *' but argument is of type 'volatile XTime *'
../src/helloworld.c:124:12: warning: unused variable 'freq0' [-Wunused-variable]
../src/helloworld.c:122:23: warning: variable 'i' set but not used [-Wunused-but-set-variable]
'Finished building: ../src/helloworld.c'
' '
'Building target: AudioTracking.elf'
'Invoking: ARM gcc linker'
arm-xilinx-eabi-gcc -Wl,-T -Wl,../src/lscript.ld -L../../system_bsp/ps7_cortexa9_0/lib -o "AudioTracking.elf"  ./src/helloworld.o ./src/platform.o   -lm -Wl,--start-group,-lxil,-lgcc,-lc,--end-group
'Finished building target: AudioTracking.elf'
' '
'Invoking: ARM Print Size'
arm-xilinx-eabi-size AudioTracking.elf  |tee "AudioTracking.elf.size"
   text	   data	    bss	    dec	    hex	filename
  65996	   2272	  29852	  98120	  17f48	AudioTracking.elf
'Finished building: AudioTracking.elf.size'
' '
13:32:49 **** Incremental Build of configuration Debug for project AudioTracking ****
make all 
make: Nothing to be done for `all'.
13:33:06 **** Incremental Build of configuration Debug for project AudioTracking ****
make all 
make: Nothing to be done for `all'.
13:35:57 **** Auto Build of configuration Debug for project AudioTracking ****
make all 
'Building file: ../src/helloworld.c'
'Invoking: ARM gcc compiler'
arm-xilinx-eabi-gcc -Wall -O0 -g3 -c -fmessage-length=0 -I../../system_bsp/ps7_cortexa9_0/include -MMD -MP -MF"src/helloworld.d" -MT"src/helloworld.d" -o "src/helloworld.o" "../src/helloworld.c"
../src/helloworld.c: In function 'main':
../src/helloworld.c:128:5: warning: passing argument 1 of 'XTime_GetTime' discards 'volatile' qualifier from pointer target type [enabled by default]
In file included from ../src/helloworld.c:39:0:
../../system_bsp/ps7_cortexa9_0/include/xtime_l.h:90:6: note: expected 'XTime *' but argument is of type 'volatile XTime *'
../src/helloworld.c:129:5: warning: passing argument 1 of 'XTime_GetTime' discards 'volatile' qualifier from pointer target type [enabled by default]
In file included from ../src/helloworld.c:39:0:
../../system_bsp/ps7_cortexa9_0/include/xtime_l.h:90:6: note: expected 'XTime *' but argument is of type 'volatile XTime *'
../src/helloworld.c:150:8: warning: passing argument 1 of 'XTime_GetTime' discards 'volatile' qualifier from pointer target type [enabled by default]
In file included from ../src/helloworld.c:39:0:
../../system_bsp/ps7_cortexa9_0/include/xtime_l.h:90:6: note: expected 'XTime *' but argument is of type 'volatile XTime *'
../src/helloworld.c:162:5: warning: passing argument 1 of 'XTime_GetTime' discards 'volatile' qualifier from pointer target type [enabled by default]
In file included from ../src/helloworld.c:39:0:
../../system_bsp/ps7_cortexa9_0/include/xtime_l.h:90:6: note: expected 'XTime *' but argument is of type 'volatile XTime *'
../src/helloworld.c:124:12: warning: unused variable 'freq0' [-Wunused-variable]
../src/helloworld.c:122:23: warning: variable 'i' set but not used [-Wunused-but-set-variable]
'Finished building: ../src/helloworld.c'
' '
'Building target: AudioTracking.elf'
'Invoking: ARM gcc linker'
arm-xilinx-eabi-gcc -Wl,-T -Wl,../src/lscript.ld -L../../system_bsp/ps7_cortexa9_0/lib -o "AudioTracking.elf"  ./src/helloworld.o ./src/platform.o   -lm -Wl,--start-group,-lxil,-lgcc,-lc,--end-group
'Finished building target: AudioTracking.elf'
' '
'Invoking: ARM Print Size'
arm-xilinx-eabi-size AudioTracking.elf  |tee "AudioTracking.elf.size"
   text	   data	    bss	    dec	    hex	filename
  65996	   2272	  29852	  98120	  17f48	AudioTracking.elf
'Finished building: AudioTracking.elf.size'
' '
13:36:00 **** Incremental Build of configuration Debug for project AudioTracking ****
make all 
make: Nothing to be done for `all'.
13:36:54 **** Auto Build of configuration Debug for project AudioTracking ****
make all 
'Building file: ../src/helloworld.c'
'Invoking: ARM gcc compiler'
arm-xilinx-eabi-gcc -Wall -O0 -g3 -c -fmessage-length=0 -I../../system_bsp/ps7_cortexa9_0/include -MMD -MP -MF"src/helloworld.d" -MT"src/helloworld.d" -o "src/helloworld.o" "../src/helloworld.c"
../src/helloworld.c: In function 'main':
../src/helloworld.c:128:5: warning: passing argument 1 of 'XTime_GetTime' discards 'volatile' qualifier from pointer target type [enabled by default]
In file included from ../src/helloworld.c:39:0:
../../system_bsp/ps7_cortexa9_0/include/xtime_l.h:90:6: note: expected 'XTime *' but argument is of type 'volatile XTime *'
../src/helloworld.c:129:5: warning: passing argument 1 of 'XTime_GetTime' discards 'volatile' qualifier from pointer target type [enabled by default]
In file included from ../src/helloworld.c:39:0:
../../system_bsp/ps7_cortexa9_0/include/xtime_l.h:90:6: note: expected 'XTime *' but argument is of type 'volatile XTime *'
../src/helloworld.c:150:8: warning: passing argument 1 of 'XTime_GetTime' discards 'volatile' qualifier from pointer target type [enabled by default]
In file included from ../src/helloworld.c:39:0:
../../system_bsp/ps7_cortexa9_0/include/xtime_l.h:90:6: note: expected 'XTime *' but argument is of type 'volatile XTime *'
../src/helloworld.c:162:5: warning: passing argument 1 of 'XTime_GetTime' discards 'volatile' qualifier from pointer target type [enabled by default]
In file included from ../src/helloworld.c:39:0:
../../system_bsp/ps7_cortexa9_0/include/xtime_l.h:90:6: note: expected 'XTime *' but argument is of type 'volatile XTime *'
../src/helloworld.c:124:12: warning: unused variable 'freq0' [-Wunused-variable]
../src/helloworld.c:122:23: warning: variable 'i' set but not used [-Wunused-but-set-variable]
'Finished building: ../src/helloworld.c'
' '
'Building target: AudioTracking.elf'
'Invoking: ARM gcc linker'
arm-xilinx-eabi-gcc -Wl,-T -Wl,../src/lscript.ld -L../../system_bsp/ps7_cortexa9_0/lib -o "AudioTracking.elf"  ./src/helloworld.o ./src/platform.o   -lm -Wl,--start-group,-lxil,-lgcc,-lc,--end-group
'Finished building target: AudioTracking.elf'
' '
'Invoking: ARM Print Size'
arm-xilinx-eabi-size AudioTracking.elf  |tee "AudioTracking.elf.size"
   text	   data	    bss	    dec	    hex	filename
  65996	   2272	  29852	  98120	  17f48	AudioTracking.elf
'Finished building: AudioTracking.elf.size'
' '
13:36:58 **** Incremental Build of configuration Debug for project AudioTracking ****
make all 
make: Nothing to be done for `all'.
13:37:26 **** Auto Build of configuration Debug for project AudioTracking ****
make all 
'Building file: ../src/helloworld.c'
'Invoking: ARM gcc compiler'
arm-xilinx-eabi-gcc -Wall -O0 -g3 -c -fmessage-length=0 -I../../system_bsp/ps7_cortexa9_0/include -MMD -MP -MF"src/helloworld.d" -MT"src/helloworld.d" -o "src/helloworld.o" "../src/helloworld.c"
../src/helloworld.c: In function 'main':
../src/helloworld.c:128:5: warning: passing argument 1 of 'XTime_GetTime' discards 'volatile' qualifier from pointer target type [enabled by default]
In file included from ../src/helloworld.c:39:0:
../../system_bsp/ps7_cortexa9_0/include/xtime_l.h:90:6: note: expected 'XTime *' but argument is of type 'volatile XTime *'
../src/helloworld.c:129:5: warning: passing argument 1 of 'XTime_GetTime' discards 'volatile' qualifier from pointer target type [enabled by default]
In file included from ../src/helloworld.c:39:0:
../../system_bsp/ps7_cortexa9_0/include/xtime_l.h:90:6: note: expected 'XTime *' but argument is of type 'volatile XTime *'
../src/helloworld.c:150:8: warning: passing argument 1 of 'XTime_GetTime' discards 'volatile' qualifier from pointer target type [enabled by default]
In file included from ../src/helloworld.c:39:0:
../../system_bsp/ps7_cortexa9_0/include/xtime_l.h:90:6: note: expected 'XTime *' but argument is of type 'volatile XTime *'
../src/helloworld.c:162:5: warning: passing argument 1 of 'XTime_GetTime' discards 'volatile' qualifier from pointer target type [enabled by default]
In file included from ../src/helloworld.c:39:0:
../../system_bsp/ps7_cortexa9_0/include/xtime_l.h:90:6: note: expected 'XTime *' but argument is of type 'volatile XTime *'
../src/helloworld.c:124:12: warning: unused variable 'freq0' [-Wunused-variable]
../src/helloworld.c:122:23: warning: variable 'i' set but not used [-Wunused-but-set-variable]
'Finished building: ../src/helloworld.c'
' '
'Building target: AudioTracking.elf'
'Invoking: ARM gcc linker'
arm-xilinx-eabi-gcc -Wl,-T -Wl,../src/lscript.ld -L../../system_bsp/ps7_cortexa9_0/lib -o "AudioTracking.elf"  ./src/helloworld.o ./src/platform.o   -lm -Wl,--start-group,-lxil,-lgcc,-lc,--end-group
'Finished building target: AudioTracking.elf'
' '
'Invoking: ARM Print Size'
arm-xilinx-eabi-size AudioTracking.elf  |tee "AudioTracking.elf.size"
   text	   data	    bss	    dec	    hex	filename
  65996	   2272	  29852	  98120	  17f48	AudioTracking.elf
'Finished building: AudioTracking.elf.size'
' '
13:37:29 **** Incremental Build of configuration Debug for project AudioTracking ****
make all 
make: Nothing to be done for `all'.
13:37:59 **** Auto Build of configuration Debug for project AudioTracking ****
make all 
'Building file: ../src/helloworld.c'
'Invoking: ARM gcc compiler'
arm-xilinx-eabi-gcc -Wall -O0 -g3 -c -fmessage-length=0 -I../../system_bsp/ps7_cortexa9_0/include -MMD -MP -MF"src/helloworld.d" -MT"src/helloworld.d" -o "src/helloworld.o" "../src/helloworld.c"
../src/helloworld.c: In function 'main':
../src/helloworld.c:128:5: warning: passing argument 1 of 'XTime_GetTime' discards 'volatile' qualifier from pointer target type [enabled by default]
In file included from ../src/helloworld.c:39:0:
../../system_bsp/ps7_cortexa9_0/include/xtime_l.h:90:6: note: expected 'XTime *' but argument is of type 'volatile XTime *'
../src/helloworld.c:129:5: warning: passing argument 1 of 'XTime_GetTime' discards 'volatile' qualifier from pointer target type [enabled by default]
In file included from ../src/helloworld.c:39:0:
../../system_bsp/ps7_cortexa9_0/include/xtime_l.h:90:6: note: expected 'XTime *' but argument is of type 'volatile XTime *'
../src/helloworld.c:150:8: warning: passing argument 1 of 'XTime_GetTime' discards 'volatile' qualifier from pointer target type [enabled by default]
In file included from ../src/helloworld.c:39:0:
../../system_bsp/ps7_cortexa9_0/include/xtime_l.h:90:6: note: expected 'XTime *' but argument is of type 'volatile XTime *'
../src/helloworld.c:162:5: warning: passing argument 1 of 'XTime_GetTime' discards 'volatile' qualifier from pointer target type [enabled by default]
In file included from ../src/helloworld.c:39:0:
../../system_bsp/ps7_cortexa9_0/include/xtime_l.h:90:6: note: expected 'XTime *' but argument is of type 'volatile XTime *'
../src/helloworld.c:124:12: warning: unused variable 'freq0' [-Wunused-variable]
../src/helloworld.c:122:23: warning: variable 'i' set but not used [-Wunused-but-set-variable]
'Finished building: ../src/helloworld.c'
' '
'Building target: AudioTracking.elf'
'Invoking: ARM gcc linker'
arm-xilinx-eabi-gcc -Wl,-T -Wl,../src/lscript.ld -L../../system_bsp/ps7_cortexa9_0/lib -o "AudioTracking.elf"  ./src/helloworld.o ./src/platform.o   -lm -Wl,--start-group,-lxil,-lgcc,-lc,--end-group
'Finished building target: AudioTracking.elf'
' '
'Invoking: ARM Print Size'
arm-xilinx-eabi-size AudioTracking.elf  |tee "AudioTracking.elf.size"
   text	   data	    bss	    dec	    hex	filename
  65996	   2272	  29852	  98120	  17f48	AudioTracking.elf
'Finished building: AudioTracking.elf.size'
' '
13:38:05 **** Incremental Build of configuration Debug for project AudioTracking ****
make all 
make: Nothing to be done for `all'.
