16:32:25 **** Build of project JustButtons_bsp ****
make -k all 
libgen -hw ../system_hw_platform/system.xml\
	       \
	       -pe ps7_cortexa9_0 \
	       -log libgen.log \
	       system.mss
libgen
Xilinx EDK 14.7 Build EDK_P.20131013
Copyright (c) 1995-2012 Xilinx, Inc.  All rights reserved.

Command Line: libgen -hw ../system_hw_platform/system.xml -pe ps7_cortexa9_0
-log libgen.log system.mss 

ERROR:EDK:410 - intc -
   U:\Desktop\cpre488AudioTracking\sw\JustButtons_bsp\system.mss line 21 - No IP
   instance named axi_intc_0 is present in the hardware!
ERROR:EDK:410 - spi -
   U:\Desktop\cpre488AudioTracking\sw\JustButtons_bsp\system.mss line 27 - No IP
   instance named axi_spi_0 is present in the hardware!
ERROR:EDK:410 - gpio -
   U:\Desktop\cpre488AudioTracking\sw\JustButtons_bsp\system.mss line 39 - No IP
   instance named leds_8bits is present in the hardware!
ERROR:EDK:410 - gpio -
   U:\Desktop\cpre488AudioTracking\sw\JustButtons_bsp\system.mss line 237 - No
   IP instance named sws_8bits is present in the hardware!
ERROR:EDK:1206 - Errors occured while parsing MSS file.
make: *** [ps7_cortexa9_0/lib/libxil.a] Error 2
make: Target `all' not remade because of errors.

16:32:26 Build Finished (took 1s.10ms)

