18:36:32 **** Auto Build of configuration Debug for project TrackingWithSPI ****
make all 
'Building file: ../src/It_is_gonna_work_this_time_I_swear.c'
'Invoking: ARM gcc compiler'
arm-xilinx-eabi-gcc -Wall -O0 -g3 -c -fmessage-length=0 -I../../system_bsp_spi/ps7_cortexa9_0/include -MMD -MP -MF"src/It_is_gonna_work_this_time_I_swear.d" -MT"src/It_is_gonna_work_this_time_I_swear.d" -o "src/It_is_gonna_work_this_time_I_swear.o" "../src/It_is_gonna_work_this_time_I_swear.c"
../src/It_is_gonna_work_this_time_I_swear.c: In function 'print_spi_debug':
../src/It_is_gonna_work_this_time_I_swear.c:53:2: warning: format '%x' expects argument of type 'unsigned int', but argument 2 has type 'u32' [-Wformat]
../src/It_is_gonna_work_this_time_I_swear.c:53:2: warning: format '%x' expects argument of type 'unsigned int', but argument 2 has type 'u32' [-Wformat]
../src/It_is_gonna_work_this_time_I_swear.c:64:2: warning: format '%d' expects argument of type 'int', but argument 2 has type 'u8 *' [-Wformat]
../src/It_is_gonna_work_this_time_I_swear.c:64:2: warning: format '%d' expects argument of type 'int', but argument 2 has type 'u8 *' [-Wformat]
../src/It_is_gonna_work_this_time_I_swear.c:65:2: warning: format '%d' expects argument of type 'int', but argument 2 has type 'u8 *' [-Wformat]
../src/It_is_gonna_work_this_time_I_swear.c:65:2: warning: format '%d' expects argument of type 'int', but argument 2 has type 'u8 *' [-Wformat]
../src/It_is_gonna_work_this_time_I_swear.c: In function 'intr_init':
../src/It_is_gonna_work_this_time_I_swear.c:111:10: warning: variable 'Status' set but not used [-Wunused-but-set-variable]
'Finished building: ../src/It_is_gonna_work_this_time_I_swear.c'
' '
'Building target: TrackingWithSPI.elf'
'Invoking: ARM gcc linker'
arm-xilinx-eabi-gcc -Wl,-T -Wl,../src/lscript.ld -L../../system_bsp_spi/ps7_cortexa9_0/lib -o "TrackingWithSPI.elf"  ./src/It_is_gonna_work_this_time_I_swear.o ./src/platform.o   -Wl,--start-group,-lxil,-lgcc,-lc,--end-group
c:/xilinx/14.7/ise_ds/edk/gnu/arm/nt/bin/../lib/gcc/arm-xilinx-eabi/4.7.3/../../../../arm-xilinx-eabi/bin/ld.exe: warning: cannot find entry symbol _vector_table; defaulting to 00100000
./src/It_is_gonna_work_this_time_I_swear.o: In function `spi_init':
U:\Desktop\cpre488AudioTracking\sw\TrackingWithSPI\Debug/../src/It_is_gonna_work_this_time_I_swear.c:86: undefined reference to `XSpi_Initialize'
U:\Desktop\cpre488AudioTracking\sw\TrackingWithSPI\Debug/../src/It_is_gonna_work_this_time_I_swear.c:88: undefined reference to `Xil_Out32'
U:\Desktop\cpre488AudioTracking\sw\TrackingWithSPI\Debug/../src/It_is_gonna_work_this_time_I_swear.c:90: undefined reference to `Xil_In32'
U:\Desktop\cpre488AudioTracking\sw\TrackingWithSPI\Debug/../src/It_is_gonna_work_this_time_I_swear.c:90: undefined reference to `Xil_Out32'
U:\Desktop\cpre488AudioTracking\sw\TrackingWithSPI\Debug/../src/It_is_gonna_work_this_time_I_swear.c:91: undefined reference to `Xil_Out32'
U:\Desktop\cpre488AudioTracking\sw\TrackingWithSPI\Debug/../src/It_is_gonna_work_this_time_I_swear.c:92: undefined reference to `Xil_Out32'
U:\Desktop\cpre488AudioTracking\sw\TrackingWithSPI\Debug/../src/It_is_gonna_work_this_time_I_swear.c:93: undefined reference to `Xil_In32'
U:\Desktop\cpre488AudioTracking\sw\TrackingWithSPI\Debug/../src/It_is_gonna_work_this_time_I_swear.c:93: undefined reference to `Xil_Out32'
U:\Desktop\cpre488AudioTracking\sw\TrackingWithSPI\Debug/../src/It_is_gonna_work_this_time_I_swear.c:95: undefined reference to `XSpi_SelfTest'
U:\Desktop\cpre488AudioTracking\sw\TrackingWithSPI\Debug/../src/It_is_gonna_work_this_time_I_swear.c:103: undefined reference to `XSpi_SetStatusHandler'
./src/It_is_gonna_work_this_time_I_swear.o: In function `intr_init':
U:\Desktop\cpre488AudioTracking\sw\TrackingWithSPI\Debug/../src/It_is_gonna_work_this_time_I_swear.c:111: undefined reference to `XIntc_Initialize'
U:\Desktop\cpre488AudioTracking\sw\TrackingWithSPI\Debug/../src/It_is_gonna_work_this_time_I_swear.c:112: undefined reference to `XSpi_InterruptHandler'
U:\Desktop\cpre488AudioTracking\sw\TrackingWithSPI\Debug/../src/It_is_gonna_work_this_time_I_swear.c:112: undefined reference to `XSpi_InterruptHandler'
U:\Desktop\cpre488AudioTracking\sw\TrackingWithSPI\Debug/../src/It_is_gonna_work_this_time_I_swear.c:112: undefined reference to `XIntc_Connect'
U:\Desktop\cpre488AudioTracking\sw\TrackingWithSPI\Debug/../src/It_is_gonna_work_this_time_I_swear.c:116: undefined reference to `XIntc_Start'
U:\Desktop\cpre488AudioTracking\sw\TrackingWithSPI\Debug/../src/It_is_gonna_work_this_time_I_swear.c:117: undefined reference to `XIntc_Enable'
U:\Desktop\cpre488AudioTracking\sw\TrackingWithSPI\Debug/../src/It_is_gonna_work_this_time_I_swear.c:118: undefined reference to `Xil_ExceptionInit'
U:\Desktop\cpre488AudioTracking\sw\TrackingWithSPI\Debug/../src/It_is_gonna_work_this_time_I_swear.c:119: undefined reference to `XIntc_InterruptHandler'
U:\Desktop\cpre488AudioTracking\sw\TrackingWithSPI\Debug/../src/It_is_gonna_work_this_time_I_swear.c:119: undefined reference to `XIntc_InterruptHandler'
U:\Desktop\cpre488AudioTracking\sw\TrackingWithSPI\Debug/../src/It_is_gonna_work_this_time_I_swear.c:119: undefined reference to `Xil_ExceptionRegisterHandler'
./src/It_is_gonna_work_this_time_I_swear.o: In function `main':
U:\Desktop\cpre488AudioTracking\sw\TrackingWithSPI\Debug/../src/It_is_gonna_work_this_time_I_swear.c:135: undefined reference to `XSpi_Start'
U:\Desktop\cpre488AudioTracking\sw\TrackingWithSPI\Debug/../src/It_is_gonna_work_this_time_I_swear.c:143: undefined reference to `XSpi_Transfer'
U:\Desktop\cpre488AudioTracking\sw\TrackingWithSPI\Debug/../src/It_is_gonna_work_this_time_I_swear.c:144: undefined reference to `sleep'
./src/platform.o: In function `disable_caches':
U:\Desktop\cpre488AudioTracking\sw\TrackingWithSPI\Debug/../src/platform.c:78: undefined reference to `Xil_DCacheDisable'
U:\Desktop\cpre488AudioTracking\sw\TrackingWithSPI\Debug/../src/platform.c:79: undefined reference to `Xil_ICacheDisable'
c:/xilinx/14.7/ise_ds/edk/gnu/arm/nt/bin/../lib/gcc/arm-xilinx-eabi/4.7.3/../../../../arm-xilinx-eabi/lib\libc.a(lib_a-sbrkr.o): In function `_sbrk_r':
sbrkr.c:(.text+0x1c): undefined reference to `_sbrk'
c:/xilinx/14.7/ise_ds/edk/gnu/arm/nt/bin/../lib/gcc/arm-xilinx-eabi/4.7.3/../../../../arm-xilinx-eabi/lib\libc.a(lib_a-writer.o): In function `_write_r':
writer.c:(.text+0x24): undefined reference to `_write'
c:/xilinx/14.7/ise_ds/edk/gnu/arm/nt/bin/../lib/gcc/arm-xilinx-eabi/4.7.3/../../../../arm-xilinx-eabi/lib\libc.a(lib_a-closer.o): In function `_close_r':
closer.c:(.text+0x1c): undefined reference to `_close'
c:/xilinx/14.7/ise_ds/edk/gnu/arm/nt/bin/../lib/gcc/arm-xilinx-eabi/4.7.3/../../../../arm-xilinx-eabi/lib\libc.a(lib_a-fstatr.o): In function `_fstat_r':
fstatr.c:(.text+0x20): undefined reference to `_fstat'
c:/xilinx/14.7/ise_ds/edk/gnu/arm/nt/bin/../lib/gcc/arm-xilinx-eabi/4.7.3/../../../../arm-xilinx-eabi/lib\libc.a(lib_a-isattyr.o): In function `_isatty_r':
isattyr.c:(.text+0x1c): undefined reference to `_isatty'
c:/xilinx/14.7/ise_ds/edk/gnu/arm/nt/bin/../lib/gcc/arm-xilinx-eabi/4.7.3/../../../../arm-xilinx-eabi/lib\libc.a(lib_a-lseekr.o): In function `_lseek_r':
lseekr.c:(.text+0x24): undefined reference to `_lseek'
c:/xilinx/14.7/ise_ds/edk/gnu/arm/nt/bin/../lib/gcc/arm-xilinx-eabi/4.7.3/../../../../arm-xilinx-eabi/lib\libc.a(lib_a-readr.o): In function `_read_r':
readr.c:(.text+0x24): undefined reference to `_read'
collect2.exe: error: ld returned 1 exit status
make: *** [TrackingWithSPI.elf] Error 1

18:36:33 Build Finished (took 1s.100ms)

